<?xml version="1.0" encoding="UTF-8"?>
<coverage generated="1761859223615" clover="3.2.0">
  <project timestamp="1761859223615" name="All files">
    <metrics statements="50" coveredstatements="44" conditionals="37" coveredconditionals="29" methods="9" coveredmethods="7" elements="96" coveredelements="80" complexity="0" loc="50" ncloc="50" packages="1" files="3" classes="3"/>
    <file name="App.css" path="C:\Users\Marian\Documents\roman-converter\server\client\src\App.css">
      <metrics statements="0" coveredstatements="0" conditionals="0" coveredconditionals="0" methods="0" coveredmethods="0"/>
    </file>
    <file name="App.tsx" path="C:\Users\Marian\Documents\roman-converter\server\client\src\App.tsx">
      <metrics statements="26" coveredstatements="20" conditionals="19" coveredconditionals="13" methods="7" coveredmethods="5"/>
      <line num="7" count="20" type="stmt"/>
      <line num="8" count="20" type="stmt"/>
      <line num="9" count="20" type="stmt"/>
      <line num="10" count="20" type="stmt"/>
      <line num="11" count="20" type="cond" truecount="1" falsecount="1"/>
      <line num="14" count="6" type="stmt"/>
      <line num="15" count="6" type="stmt"/>
      <line num="16" count="6" type="stmt"/>
      <line num="17" count="6" type="cond" truecount="1" falsecount="1"/>
      <line num="18" count="6" type="stmt"/>
      <line num="19" count="6" type="cond" truecount="2" falsecount="0"/>
      <line num="20" count="5" type="cond" truecount="2" falsecount="0"/>
      <line num="21" count="2" type="stmt"/>
      <line num="22" count="1" type="stmt"/>
      <line num="24" count="3" type="stmt"/>
      <line num="27" count="0" type="cond" truecount="0" falsecount="2"/>
      <line num="28" count="0" type="stmt"/>
      <line num="29" count="0" type="stmt"/>
      <line num="31" count="0" type="stmt"/>
      <line num="36" count="4" type="cond" truecount="2" falsecount="1"/>
      <line num="40" count="20" type="stmt"/>
      <line num="50" count="0" type="stmt"/>
      <line num="59" count="0" type="stmt"/>
      <line num="68" count="5" type="stmt"/>
      <line num="73" count="4" type="stmt"/>
      <line num="76" count="2" type="stmt"/>
    </file>
    <file name="converters.ts" path="C:\Users\Marian\Documents\roman-converter\server\client\src\converters.ts">
      <metrics statements="24" coveredstatements="24" conditionals="18" coveredconditionals="16" methods="2" coveredmethods="2"/>
      <line num="2" count="14" type="cond" truecount="1" falsecount="1"/>
      <line num="3" count="14" type="cond" truecount="4" falsecount="0"/>
      <line num="4" count="9" type="stmt"/>
      <line num="5" count="9" type="stmt"/>
      <line num="6" count="9" type="stmt"/>
      <line num="7" count="9" type="stmt"/>
      <line num="8" count="117" type="stmt"/>
      <line num="9" count="18" type="stmt"/>
      <line num="10" count="18" type="stmt"/>
      <line num="13" count="9" type="stmt"/>
      <line num="17" count="5" type="cond" truecount="3" falsecount="1"/>
      <line num="18" count="5" type="stmt"/>
      <line num="19" count="5" type="cond" truecount="2" falsecount="0"/>
      <line num="20" count="4" type="stmt"/>
      <line num="21" count="4" type="stmt"/>
      <line num="22" count="4" type="stmt"/>
      <line num="23" count="10" type="stmt"/>
      <line num="24" count="10" type="cond" truecount="2" falsecount="0"/>
      <line num="25" count="10" type="cond" truecount="2" falsecount="0"/>
      <line num="26" count="4" type="stmt"/>
      <line num="27" count="4" type="stmt"/>
      <line num="29" count="6" type="stmt"/>
      <line num="33" count="4" type="cond" truecount="2" falsecount="0"/>
      <line num="34" count="3" type="stmt"/>
    </file>
  </project>
</coverage>
