{"C:\\Users\\Marian\\Documents\\roman-converter\\server\\client\\src\\App.css": {"path":"C:\\Users\\Marian\\Documents\\roman-converter\\server\\client\\src\\App.css","statementMap":{},"fnMap":{},"branchMap":{},"s":{},"f":{},"b":{},"meta":{"lastBranch":0,"lastFunction":0,"lastStatement":0,"seen":{}}}
,"C:\\Users\\Marian\\Documents\\roman-converter\\server\\client\\src\\App.tsx": {"path":"C:\\Users\\Marian\\Documents\\roman-converter\\server\\client\\src\\App.tsx","statementMap":{"0":{"start":{"line":7,"column":22},"end":{"line":7,"column":null}},"1":{"start":{"line":8,"column":24},"end":{"line":8,"column":null}},"2":{"start":{"line":9,"column":26},"end":{"line":9,"column":null}},"3":{"start":{"line":10,"column":24},"end":{"line":10,"column":null}},"4":{"start":{"line":11,"column":18},"end":{"line":11,"column":null}},"5":{"start":{"line":14,"column":2},"end":{"line":14,"column":null}},"6":{"start":{"line":15,"column":2},"end":{"line":15,"column":null}},"7":{"start":{"line":16,"column":2},"end":{"line":37,"column":null}},"8":{"start":{"line":17,"column":4},"end":{"line":33,"column":null}},"9":{"start":{"line":18,"column":18},"end":{"line":18,"column":null}},"10":{"start":{"line":19,"column":6},"end":{"line":19,"column":null}},"11":{"start":{"line":19,"column":29},"end":{"line":19,"column":null}},"12":{"start":{"line":20,"column":6},"end":{"line":25,"column":null}},"13":{"start":{"line":21,"column":25},"end":{"line":21,"column":null}},"14":{"start":{"line":22,"column":8},"end":{"line":22,"column":null}},"15":{"start":{"line":24,"column":8},"end":{"line":24,"column":null}},"16":{"start":{"line":27,"column":6},"end":{"line":32,"column":null}},"17":{"start":{"line":28,"column":25},"end":{"line":28,"column":null}},"18":{"start":{"line":29,"column":8},"end":{"line":29,"column":null}},"19":{"start":{"line":31,"column":8},"end":{"line":31,"column":null}},"20":{"start":{"line":36,"column":4},"end":{"line":36,"column":null}},"21":{"start":{"line":40,"column":2},"end":{"line":86,"column":null}},"22":{"start":{"line":50,"column":30},"end":{"line":50,"column":null}},"23":{"start":{"line":59,"column":30},"end":{"line":59,"column":null}},"24":{"start":{"line":68,"column":25},"end":{"line":68,"column":null}},"25":{"start":{"line":73,"column":65},"end":{"line":73,"column":87}},"26":{"start":{"line":76,"column":66},"end":{"line":76,"column":87}}},"fnMap":{"0":{"name":"App","decl":{"start":{"line":6,"column":24},"end":{"line":6,"column":30}},"loc":{"start":{"line":6,"column":30},"end":{"line":88,"column":null}},"line":6},"1":{"name":"handleConvert","decl":{"start":{"line":13,"column":17},"end":{"line":13,"column":31}},"loc":{"start":{"line":13,"column":51},"end":{"line":38,"column":null}},"line":13},"2":{"name":"(anonymous_2)","decl":{"start":{"line":50,"column":24},"end":{"line":50,"column":30}},"loc":{"start":{"line":50,"column":30},"end":{"line":50,"column":null}},"line":50},"3":{"name":"(anonymous_3)","decl":{"start":{"line":59,"column":24},"end":{"line":59,"column":30}},"loc":{"start":{"line":59,"column":30},"end":{"line":59,"column":null}},"line":59},"4":{"name":"(anonymous_4)","decl":{"start":{"line":68,"column":20},"end":{"line":68,"column":25}},"loc":{"start":{"line":68,"column":25},"end":{"line":68,"column":null}},"line":68},"5":{"name":"(anonymous_5)","decl":{"start":{"line":73,"column":59},"end":{"line":73,"column":65}},"loc":{"start":{"line":73,"column":65},"end":{"line":73,"column":87}},"line":73},"6":{"name":"(anonymous_6)","decl":{"start":{"line":76,"column":60},"end":{"line":76,"column":66}},"loc":{"start":{"line":76,"column":66},"end":{"line":76,"column":87}},"line":76}},"branchMap":{"0":{"loc":{"start":{"line":11,"column":18},"end":{"line":11,"column":null}},"type":"binary-expr","locations":[{"start":{"line":11,"column":18},"end":{"line":11,"column":53}},{"start":{"line":11,"column":53},"end":{"line":11,"column":null}}],"line":11},"1":{"loc":{"start":{"line":17,"column":4},"end":{"line":33,"column":null}},"type":"if","locations":[{"start":{"line":17,"column":4},"end":{"line":33,"column":null}},{"start":{"line":26,"column":11},"end":{"line":33,"column":null}}],"line":17},"2":{"loc":{"start":{"line":19,"column":6},"end":{"line":19,"column":null}},"type":"if","locations":[{"start":{"line":19,"column":6},"end":{"line":19,"column":null}},{"start":{},"end":{}}],"line":19},"3":{"loc":{"start":{"line":20,"column":6},"end":{"line":25,"column":null}},"type":"if","locations":[{"start":{"line":20,"column":6},"end":{"line":25,"column":null}},{"start":{"line":23,"column":13},"end":{"line":25,"column":null}}],"line":20},"4":{"loc":{"start":{"line":27,"column":6},"end":{"line":32,"column":null}},"type":"if","locations":[{"start":{"line":27,"column":6},"end":{"line":32,"column":null}},{"start":{"line":30,"column":13},"end":{"line":32,"column":null}}],"line":27},"5":{"loc":{"start":{"line":36,"column":13},"end":{"line":36,"column":69}},"type":"binary-expr","locations":[{"start":{"line":36,"column":13},"end":{"line":36,"column":43}},{"start":{"line":36,"column":43},"end":{"line":36,"column":58}},{"start":{"line":36,"column":58},"end":{"line":36,"column":69}}],"line":36},"6":{"loc":{"start":{"line":69,"column":23},"end":{"line":69,"column":null}},"type":"cond-expr","locations":[{"start":{"line":69,"column":44},"end":{"line":69,"column":74}},{"start":{"line":69,"column":74},"end":{"line":69,"column":null}}],"line":69},"7":{"loc":{"start":{"line":81,"column":9},"end":{"line":81,"column":null}},"type":"binary-expr","locations":[{"start":{"line":81,"column":9},"end":{"line":81,"column":18}},{"start":{"line":81,"column":18},"end":{"line":81,"column":null}}],"line":81},"8":{"loc":{"start":{"line":82,"column":9},"end":{"line":82,"column":null}},"type":"binary-expr","locations":[{"start":{"line":82,"column":9},"end":{"line":82,"column":28}},{"start":{"line":82,"column":28},"end":{"line":82,"column":null}}],"line":82}},"s":{"0":20,"1":20,"2":20,"3":20,"4":20,"5":6,"6":6,"7":6,"8":6,"9":6,"10":6,"11":1,"12":5,"13":2,"14":1,"15":3,"16":0,"17":0,"18":0,"19":0,"20":4,"21":20,"22":0,"23":0,"24":5,"25":4,"26":2},"f":{"0":20,"1":6,"2":0,"3":0,"4":5,"5":4,"6":2},"b":{"0":[20,0],"1":[6,0],"2":[1,5],"3":[2,3],"4":[0,0],"5":[4,3,0],"6":[20,0],"7":[20,4],"8":[20,2]},"meta":{"lastBranch":9,"lastFunction":7,"lastStatement":27,"seen":{"f:6:24:6:30":0,"s:7:22:7:Infinity":0,"s:8:24:8:Infinity":1,"s:9:26:9:Infinity":2,"s:10:24:10:Infinity":3,"s:11:18:11:Infinity":4,"b:11:18:11:53:11:53:11:Infinity":0,"f:13:17:13:31":1,"s:14:2:14:Infinity":5,"s:15:2:15:Infinity":6,"s:16:2:37:Infinity":7,"b:17:4:33:Infinity:26:11:33:Infinity":1,"s:17:4:33:Infinity":8,"s:18:18:18:Infinity":9,"b:19:6:19:Infinity:undefined:undefined:undefined:undefined":2,"s:19:6:19:Infinity":10,"s:19:29:19:Infinity":11,"b:20:6:25:Infinity:23:13:25:Infinity":3,"s:20:6:25:Infinity":12,"s:21:25:21:Infinity":13,"s:22:8:22:Infinity":14,"s:24:8:24:Infinity":15,"b:27:6:32:Infinity:30:13:32:Infinity":4,"s:27:6:32:Infinity":16,"s:28:25:28:Infinity":17,"s:29:8:29:Infinity":18,"s:31:8:31:Infinity":19,"s:36:4:36:Infinity":20,"b:36:13:36:43:36:43:36:58:36:58:36:69":5,"s:40:2:86:Infinity":21,"f:50:24:50:30":2,"s:50:30:50:Infinity":22,"f:59:24:59:30":3,"s:59:30:59:Infinity":23,"f:68:20:68:25":4,"s:68:25:68:Infinity":24,"b:69:44:69:74:69:74:69:Infinity":6,"f:73:59:73:65":5,"s:73:65:73:87":25,"f:76:60:76:66":6,"s:76:66:76:87":26,"b:81:9:81:18:81:18:81:Infinity":7,"b:82:9:82:28:82:28:82:Infinity":8}}}
,"C:\\Users\\Marian\\Documents\\roman-converter\\server\\client\\src\\converters.ts": {"path":"C:\\Users\\Marian\\Documents\\roman-converter\\server\\client\\src\\converters.ts","statementMap":{"0":{"start":{"line":2,"column":2},"end":{"line":2,"column":null}},"1":{"start":{"line":2,"column":30},"end":{"line":2,"column":null}},"2":{"start":{"line":3,"column":2},"end":{"line":3,"column":null}},"3":{"start":{"line":3,"column":31},"end":{"line":3,"column":null}},"4":{"start":{"line":4,"column":15},"end":{"line":4,"column":null}},"5":{"start":{"line":5,"column":15},"end":{"line":5,"column":null}},"6":{"start":{"line":6,"column":12},"end":{"line":6,"column":null}},"7":{"start":{"line":7,"column":2},"end":{"line":12,"column":null}},"8":{"start":{"line":7,"column":15},"end":{"line":7,"column":18}},"9":{"start":{"line":8,"column":4},"end":{"line":11,"column":null}},"10":{"start":{"line":9,"column":6},"end":{"line":9,"column":null}},"11":{"start":{"line":10,"column":6},"end":{"line":10,"column":null}},"12":{"start":{"line":13,"column":2},"end":{"line":13,"column":null}},"13":{"start":{"line":17,"column":2},"end":{"line":17,"column":null}},"14":{"start":{"line":17,"column":39},"end":{"line":17,"column":null}},"15":{"start":{"line":18,"column":12},"end":{"line":18,"column":null}},"16":{"start":{"line":19,"column":2},"end":{"line":19,"column":null}},"17":{"start":{"line":19,"column":31},"end":{"line":19,"column":null}},"18":{"start":{"line":20,"column":38},"end":{"line":20,"column":null}},"19":{"start":{"line":21,"column":14},"end":{"line":21,"column":null}},"20":{"start":{"line":22,"column":2},"end":{"line":31,"column":null}},"21":{"start":{"line":22,"column":15},"end":{"line":22,"column":18}},"22":{"start":{"line":23,"column":17},"end":{"line":23,"column":null}},"23":{"start":{"line":24,"column":17},"end":{"line":24,"column":null}},"24":{"start":{"line":25,"column":4},"end":{"line":30,"column":null}},"25":{"start":{"line":26,"column":6},"end":{"line":26,"column":null}},"26":{"start":{"line":27,"column":6},"end":{"line":27,"column":null}},"27":{"start":{"line":29,"column":6},"end":{"line":29,"column":null}},"28":{"start":{"line":33,"column":2},"end":{"line":33,"column":null}},"29":{"start":{"line":33,"column":31},"end":{"line":33,"column":null}},"30":{"start":{"line":34,"column":2},"end":{"line":34,"column":null}}},"fnMap":{"0":{"name":"intToRoman","decl":{"start":{"line":1,"column":16},"end":{"line":1,"column":27}},"loc":{"start":{"line":1,"column":48},"end":{"line":14,"column":null}},"line":1},"1":{"name":"romanToInt","decl":{"start":{"line":16,"column":16},"end":{"line":16,"column":27}},"loc":{"start":{"line":16,"column":48},"end":{"line":35,"column":null}},"line":16}},"branchMap":{"0":{"loc":{"start":{"line":2,"column":2},"end":{"line":2,"column":null}},"type":"if","locations":[{"start":{"line":2,"column":2},"end":{"line":2,"column":null}},{"start":{},"end":{}}],"line":2},"1":{"loc":{"start":{"line":3,"column":2},"end":{"line":3,"column":null}},"type":"if","locations":[{"start":{"line":3,"column":2},"end":{"line":3,"column":null}},{"start":{},"end":{}}],"line":3},"2":{"loc":{"start":{"line":3,"column":6},"end":{"line":3,"column":31}},"type":"binary-expr","locations":[{"start":{"line":3,"column":6},"end":{"line":3,"column":18}},{"start":{"line":3,"column":18},"end":{"line":3,"column":31}}],"line":3},"3":{"loc":{"start":{"line":17,"column":2},"end":{"line":17,"column":null}},"type":"if","locations":[{"start":{"line":17,"column":2},"end":{"line":17,"column":null}},{"start":{},"end":{}}],"line":17},"4":{"loc":{"start":{"line":17,"column":6},"end":{"line":17,"column":39}},"type":"binary-expr","locations":[{"start":{"line":17,"column":6},"end":{"line":17,"column":14}},{"start":{"line":17,"column":14},"end":{"line":17,"column":39}}],"line":17},"5":{"loc":{"start":{"line":19,"column":2},"end":{"line":19,"column":null}},"type":"if","locations":[{"start":{"line":19,"column":2},"end":{"line":19,"column":null}},{"start":{},"end":{}}],"line":19},"6":{"loc":{"start":{"line":24,"column":17},"end":{"line":24,"column":null}},"type":"cond-expr","locations":[{"start":{"line":24,"column":34},"end":{"line":24,"column":48}},{"start":{"line":24,"column":48},"end":{"line":24,"column":null}}],"line":24},"7":{"loc":{"start":{"line":25,"column":4},"end":{"line":30,"column":null}},"type":"if","locations":[{"start":{"line":25,"column":4},"end":{"line":30,"column":null}},{"start":{"line":28,"column":11},"end":{"line":30,"column":null}}],"line":25},"8":{"loc":{"start":{"line":33,"column":2},"end":{"line":33,"column":null}},"type":"if","locations":[{"start":{"line":33,"column":2},"end":{"line":33,"column":null}},{"start":{},"end":{}}],"line":33}},"s":{"0":14,"1":0,"2":14,"3":5,"4":9,"5":9,"6":9,"7":9,"8":9,"9":117,"10":18,"11":18,"12":9,"13":5,"14":0,"15":5,"16":5,"17":1,"18":4,"19":4,"20":4,"21":4,"22":10,"23":10,"24":10,"25":4,"26":4,"27":6,"28":4,"29":4,"30":3},"f":{"0":14,"1":5},"b":{"0":[0,14],"1":[5,9],"2":[14,11],"3":[0,5],"4":[5,5],"5":[1,4],"6":[8,2],"7":[4,6],"8":[1,3]},"meta":{"lastBranch":9,"lastFunction":2,"lastStatement":31,"seen":{"f:1:16:1:27":0,"b:2:2:2:Infinity:undefined:undefined:undefined:undefined":0,"s:2:2:2:Infinity":0,"s:2:30:2:Infinity":1,"b:3:2:3:Infinity:undefined:undefined:undefined:undefined":1,"s:3:2:3:Infinity":2,"b:3:6:3:18:3:18:3:31":2,"s:3:31:3:Infinity":3,"s:4:15:4:Infinity":4,"s:5:15:5:Infinity":5,"s:6:12:6:Infinity":6,"s:7:2:12:Infinity":7,"s:7:15:7:18":8,"s:8:4:11:Infinity":9,"s:9:6:9:Infinity":10,"s:10:6:10:Infinity":11,"s:13:2:13:Infinity":12,"f:16:16:16:27":1,"b:17:2:17:Infinity:undefined:undefined:undefined:undefined":3,"s:17:2:17:Infinity":13,"b:17:6:17:14:17:14:17:39":4,"s:17:39:17:Infinity":14,"s:18:12:18:Infinity":15,"b:19:2:19:Infinity:undefined:undefined:undefined:undefined":5,"s:19:2:19:Infinity":16,"s:19:31:19:Infinity":17,"s:20:38:20:Infinity":18,"s:21:14:21:Infinity":19,"s:22:2:31:Infinity":20,"s:22:15:22:18":21,"s:23:17:23:Infinity":22,"s:24:17:24:Infinity":23,"b:24:34:24:48:24:48:24:Infinity":6,"b:25:4:30:Infinity:28:11:30:Infinity":7,"s:25:4:30:Infinity":24,"s:26:6:26:Infinity":25,"s:27:6:27:Infinity":26,"s:29:6:29:Infinity":27,"b:33:2:33:Infinity:undefined:undefined:undefined:undefined":8,"s:33:2:33:Infinity":28,"s:33:31:33:Infinity":29,"s:34:2:34:Infinity":30}}}
}
